<!DOCTYPE html>
<html>
<head>
<meta http-equiv="Content-Type" content="text/html; charset=utf-8"/>
<meta http-equiv="x-ua-compatible" content="IE=edge"/>
<title>Test results - Class Login de usuario</title>
<link href="../css/base-style.css" rel="stylesheet" type="text/css"/>
<link href="../css/style.css" rel="stylesheet" type="text/css"/>
<script src="../js/report.js" type="text/javascript"></script>
</head>
<body>
<div id="content">
<h1>Class Login de usuario</h1>
<div class="breadcrumbs">
<a href="../index.html">all</a> &gt; 
<a href="../packages/default-package.html">default-package</a> &gt; Login de usuario</div>
<div id="summary">
<table>
<tr>
<td>
<div class="summaryGroup">
<table>
<tr>
<td>
<div class="infoBox" id="tests">
<div class="counter">1</div>
<p>tests</p>
</div>
</td>
<td>
<div class="infoBox" id="failures">
<div class="counter">1</div>
<p>failures</p>
</div>
</td>
<td>
<div class="infoBox" id="ignored">
<div class="counter">0</div>
<p>ignored</p>
</div>
</td>
<td>
<div class="infoBox" id="duration">
<div class="counter">1m40.90s</div>
<p>duration</p>
</div>
</td>
</tr>
</table>
</div>
</td>
<td>
<div class="infoBox failures" id="successRate">
<div class="percent">0%</div>
<p>successful</p>
</div>
</td>
</tr>
</table>
</div>
<div id="tabs">
<ul class="tabLinks">
<li>
<a href="#tab0">Failed tests</a>
</li>
<li>
<a href="#tab1">Tests</a>
</li>
<li>
<a href="#tab2">Standard output</a>
</li>
<li>
<a href="#tab3">Standard error</a>
</li>
</ul>
<div id="tab0" class="tab">
<h2>Failed tests</h2>
<div class="test">
<a name="Login correcto con usuario administrador"></a>
<h3 class="failures">Login correcto con usuario administrador</h3>
<span class="code">
<pre>java.lang.AssertionError
	at org.junit.Assert.fail(Assert.java:86)
	at org.junit.Assert.assertTrue(Assert.java:41)
	at org.junit.Assert.assertTrue(Assert.java:52)
	at implementations.StepImplementation.verifyLoginField(StepImplementation.java:48)
	at definitions.MyStepdefs.laPaginaDeLoginDeLaAplicacionSeEncuentraAccesible(MyStepdefs.java:15)
	at ✽.La pagina de login de la aplicacion se encuentra accesible(src/test/resources/features/login.feature:4)
</pre>
</span>
</div>
</div>
<div id="tab1" class="tab">
<h2>Tests</h2>
<table>
<thead>
<tr>
<th>Test</th>
<th>Duration</th>
<th>Result</th>
</tr>
</thead>
<tr>
<td class="failures">Login correcto con usuario administrador</td>
<td class="failures">1m40.90s</td>
<td class="failures">failed</td>
</tr>
</table>
</div>
<div id="tab2" class="tab">
<h2>Standard output</h2>
<span class="code">
<pre>Successfully opened the Alten webSite
    ?[31mGiven ?[0m?[31mLa pagina de login de la aplicacion se encuentra accesible?[0m              ?[90m# MyStepdefs.laPaginaDeLoginDeLaAplicacionSeEncuentraAccesible()?[0m
      ?[31mjava.lang.AssertionError
	at org.junit.Assert.fail(Assert.java:86)
	at org.junit.Assert.assertTrue(Assert.java:41)
	at org.junit.Assert.assertTrue(Assert.java:52)
	at implementations.StepImplementation.verifyLoginField(StepImplementation.java:48)
	at definitions.MyStepdefs.laPaginaDeLoginDeLaAplicacionSeEncuentraAccesible(MyStepdefs.java:15)
	at ?.La pagina de login de la aplicacion se encuentra accesible(src/test/resources/features/login.feature:4)
?[0m
    ?[36mWhen ?[0m?[36mSe introduce un usuario y password para un usuario administrador?[0m         ?[90m# MyStepdefs.seIntroduceUnUsuarioYPasswordParaUnUsuarioAdministrador()?[0m
    ?[36mThen ?[0m?[36mSe muestra la pagina my Profile y el boton edit Profile esta habilitado.?[0m ?[90m# MyStepdefs.seMuestraLaPaginaMyProfileYElBotonEditProfileEstaHabilitado()?[0m
</pre>
</span>
</div>
<div id="tab3" class="tab">
<h2>Standard error</h2>
<span class="code">
<pre>Starting ChromeDriver 77.0.3865.40 (f484704e052e0b556f8030b65b953dce96503217-refs/branch-heads/3865@{#442}) on port 19138
Only local connections are allowed.
Please protect ports used by ChromeDriver and related test frameworks to prevent access by malicious code.
[1572196064.930][WARNING]: This version of ChromeDriver has not been tested with Chrome version 78.
[1572196065.106][WARNING]: This version of ChromeDriver has not been tested with Chrome version 78.
[1572196068.176][WARNING]: Timed out connecting to Chrome, retrying...
oct 27, 2019 6:07:50 PM org.openqa.selenium.remote.ProtocolHandshake createSession
INFORMACIÓN: Detected dialect: W3C
[Test worker] ERROR net.thucydides.core.steps.ConsoleLoggingListener - 
           __  _____ _____ ____ _____   _____ _    ___ _     _____ ____  
  _       / / |_   _| ____/ ___|_   _| |  ___/ \  |_ _| |   | ____|  _ \ 
 (_)_____| |    | | |  _| \___ \ | |   | |_ / _ \  | || |   |  _| | | | |
  _|_____| |    | | | |___ ___) || |   |  _/ ___ \ | || |___| |___| |_| |
 (_)     | |    |_| |_____|____/ |_|   |_|/_/   \_\___|_____|_____|____/ 
          \_\                                                            

TEST FAILED: Login correcto con usuario administrador
--------------------------------------------------------------------------
[Test worker] ERROR net.thucydides.core.steps.ConsoleLoggingListener - TEST FAILED AT STEP Given La pagina de login de la aplicacion se encuentra accesible
[Test worker] ERROR net.thucydides.core.steps.ConsoleLoggingListener - 
</pre>
</span>
</div>
</div>
<div id="footer">
<p>
<div>
<label class="hidden" id="label-for-line-wrapping-toggle" for="line-wrapping-toggle">Wrap lines
<input id="line-wrapping-toggle" type="checkbox" autocomplete="off"/>
</label>
</div>Generated by 
<a href="http://www.gradle.org">Gradle 5.2.1</a> at 27-oct-2019 18:09:20</p>
</div>
</div>
</body>
</html>
