<?xml version="1.0" encoding="UTF-8"?>
<testsuite name="Login de usuario" tests="1" skipped="0" failures="1" errors="0" timestamp="2019-10-27T17:06:43" hostname="Pasion" time="100.903">
  <properties/>
  <testcase name="Login correcto con usuario administrador" classname="Login de usuario" time="100.903">
    <failure message="java.lang.AssertionError" type="java.lang.AssertionError">java.lang.AssertionError
	at org.junit.Assert.fail(Assert.java:86)
	at org.junit.Assert.assertTrue(Assert.java:41)
	at org.junit.Assert.assertTrue(Assert.java:52)
	at implementations.StepImplementation.verifyLoginField(StepImplementation.java:48)
	at definitions.MyStepdefs.laPaginaDeLoginDeLaAplicacionSeEncuentraAccesible(MyStepdefs.java:15)
	at ✽.La pagina de login de la aplicacion se encuentra accesible(src/test/resources/features/login.feature:4)
</failure>
  </testcase>
  <system-out><![CDATA[Successfully opened the Alten webSite
    ?[31mGiven ?[0m?[31mLa pagina de login de la aplicacion se encuentra accesible?[0m              ?[90m# MyStepdefs.laPaginaDeLoginDeLaAplicacionSeEncuentraAccesible()?[0m
      ?[31mjava.lang.AssertionError
	at org.junit.Assert.fail(Assert.java:86)
	at org.junit.Assert.assertTrue(Assert.java:41)
	at org.junit.Assert.assertTrue(Assert.java:52)
	at implementations.StepImplementation.verifyLoginField(StepImplementation.java:48)
	at definitions.MyStepdefs.laPaginaDeLoginDeLaAplicacionSeEncuentraAccesible(MyStepdefs.java:15)
	at ?.La pagina de login de la aplicacion se encuentra accesible(src/test/resources/features/login.feature:4)
?[0m
    ?[36mWhen ?[0m?[36mSe introduce un usuario y password para un usuario administrador?[0m         ?[90m# MyStepdefs.seIntroduceUnUsuarioYPasswordParaUnUsuarioAdministrador()?[0m
    ?[36mThen ?[0m?[36mSe muestra la pagina my Profile y el boton edit Profile esta habilitado.?[0m ?[90m# MyStepdefs.seMuestraLaPaginaMyProfileYElBotonEditProfileEstaHabilitado()?[0m
]]></system-out>
  <system-err><![CDATA[Starting ChromeDriver 77.0.3865.40 (f484704e052e0b556f8030b65b953dce96503217-refs/branch-heads/3865@{#442}) on port 19138
Only local connections are allowed.
Please protect ports used by ChromeDriver and related test frameworks to prevent access by malicious code.
[1572196064.930][WARNING]: This version of ChromeDriver has not been tested with Chrome version 78.
[1572196065.106][WARNING]: This version of ChromeDriver has not been tested with Chrome version 78.
[1572196068.176][WARNING]: Timed out connecting to Chrome, retrying...
oct 27, 2019 6:07:50 PM org.openqa.selenium.remote.ProtocolHandshake createSession
INFORMACIÓN: Detected dialect: W3C
[Test worker] ERROR net.thucydides.core.steps.ConsoleLoggingListener - 
           __  _____ _____ ____ _____   _____ _    ___ _     _____ ____  
  _       / / |_   _| ____/ ___|_   _| |  ___/ \  |_ _| |   | ____|  _ \ 
 (_)_____| |    | | |  _| \___ \ | |   | |_ / _ \  | || |   |  _| | | | |
  _|_____| |    | | | |___ ___) || |   |  _/ ___ \ | || |___| |___| |_| |
 (_)     | |    |_| |_____|____/ |_|   |_|/_/   \_\___|_____|_____|____/ 
          \_\                                                            

TEST FAILED: Login correcto con usuario administrador
--------------------------------------------------------------------------
[Test worker] ERROR net.thucydides.core.steps.ConsoleLoggingListener - TEST FAILED AT STEP Given La pagina de login de la aplicacion se encuentra accesible
[Test worker] ERROR net.thucydides.core.steps.ConsoleLoggingListener - 
]]></system-err>
</testsuite>
